<?xml version="1.0" encoding="UTF-8" ?>
<testsuite tests="10" failures="0" name="domaincontrol.BoardTest" time="0.022" errors="0" skipped="0">
  <properties>
[...]
</properties>
  <testcase classname="domaincontrol.BoardTest" name="GenerateHidatoTest1" time="0.017"/>
  <testcase classname="domaincontrol.BoardTest" name="GenerateHidatoTest2" time="0.001"/>
  <testcase classname="domaincontrol.BoardTest" name="GenerateHidatoTest3" time="0"/>
  <testcase classname="domaincontrol.BoardTest" name="GenerateHidatoTest4" time="0"/>
  <testcase classname="domaincontrol.BoardTest" name="TestingSolveHidato1" time="0.001"/>
  <testcase classname="domaincontrol.BoardTest" name="TestingSolveHidato2" time="0"/>
  <testcase classname="domaincontrol.BoardTest" name="TestingSolveHidato3" time="0"/>
  <testcase classname="domaincontrol.BoardTest" name="TestingSolveHidato4" time="0.001"/>
  <testcase classname="domaincontrol.BoardTest" name="TestingSolveHidato5" time="0.002"/>
  <testcase classname="domaincontrol.BoardTest" name="TestingSolveHidato6" time="0"/>
</testsuite>